La génération a démarré 14.06.2015 00:05:34.
Projet "E:\Bureau\Projet_ProgS\ProgS\Projet_ProgS.vcxproj" sur le nœud 2 (Build cible(s)).
ClCompile:
  C:\Program Files\Microsoft Visual Studio 12.0\VC\bin\CL.exe /c /ZI /nologo /W3 /WX- /Od /Oy- /D WIN32 /D _DEBUG /D _CONSOLE /D _LIB /D _UNICODE /D UNICODE /Gm /EHsc /RTC1 /MDd /GS /fp:precise /Zc:wchar_t /Zc:forScope /Fo"Debug\\" /Fd"Debug\vc120.pdb" /Gd /TC /analyze- /errorReport:prompt Projet_ProgS.c
  Projet_ProgS.c
e:\bureau\projet_progs\progs\projet_progs.c(157): warning C4996: 'strcpy': This function or variable may be unsafe. Consider using strcpy_s instead. To disable deprecation, use _CRT_SECURE_NO_WARNINGS. See online help for details.
          c:\program files\microsoft visual studio 12.0\vc\include\string.h(112) : voir la déclaration de 'strcpy'
e:\bureau\projet_progs\progs\projet_progs.c(175): warning C4996: 'sscanf': This function or variable may be unsafe. Consider using sscanf_s instead. To disable deprecation, use _CRT_SECURE_NO_WARNINGS. See online help for details.
          c:\program files\microsoft visual studio 12.0\vc\include\stdio.h(304) : voir la déclaration de 'sscanf'
e:\bureau\projet_progs\progs\projet_progs.c(187): warning C4996: 'sscanf': This function or variable may be unsafe. Consider using sscanf_s instead. To disable deprecation, use _CRT_SECURE_NO_WARNINGS. See online help for details.
          c:\program files\microsoft visual studio 12.0\vc\include\stdio.h(304) : voir la déclaration de 'sscanf'
e:\bureau\projet_progs\progs\projet_progs.c(226): warning C4028: paramètre formel 2 différent de la déclaration
e:\bureau\projet_progs\progs\projet_progs.c(226): warning C4029: la déclaration de la liste de paramètres formels est différente de la définition
e:\bureau\projet_progs\progs\projet_progs.c(265): warning C4996: 'fopen': This function or variable may be unsafe. Consider using fopen_s instead. To disable deprecation, use _CRT_SECURE_NO_WARNINGS. See online help for details.
          c:\program files\microsoft visual studio 12.0\vc\include\stdio.h(211) : voir la déclaration de 'fopen'
e:\bureau\projet_progs\progs\projet_progs.c(279): warning C4996: 'sscanf': This function or variable may be unsafe. Consider using sscanf_s instead. To disable deprecation, use _CRT_SECURE_NO_WARNINGS. See online help for details.
          c:\program files\microsoft visual studio 12.0\vc\include\stdio.h(304) : voir la déclaration de 'sscanf'
e:\bureau\projet_progs\progs\projet_progs.c(304): warning C4996: 'strcpy': This function or variable may be unsafe. Consider using strcpy_s instead. To disable deprecation, use _CRT_SECURE_NO_WARNINGS. See online help for details.
          c:\program files\microsoft visual studio 12.0\vc\include\string.h(112) : voir la déclaration de 'strcpy'
e:\bureau\projet_progs\progs\projet_progs.c(305): warning C4996: 'strcpy': This function or variable may be unsafe. Consider using strcpy_s instead. To disable deprecation, use _CRT_SECURE_NO_WARNINGS. See online help for details.
          c:\program files\microsoft visual studio 12.0\vc\include\string.h(112) : voir la déclaration de 'strcpy'
e:\bureau\projet_progs\progs\projet_progs.c(441): warning C4996: 'strcpy': This function or variable may be unsafe. Consider using strcpy_s instead. To disable deprecation, use _CRT_SECURE_NO_WARNINGS. See online help for details.
          c:\program files\microsoft visual studio 12.0\vc\include\string.h(112) : voir la déclaration de 'strcpy'
e:\bureau\projet_progs\progs\projet_progs.c(442): warning C4996: 'strcat': This function or variable may be unsafe. Consider using strcat_s instead. To disable deprecation, use _CRT_SECURE_NO_WARNINGS. See online help for details.
          c:\program files\microsoft visual studio 12.0\vc\include\string.h(118) : voir la déclaration de 'strcat'
e:\bureau\projet_progs\progs\projet_progs.c(443): warning C4996: 'fopen': This function or variable may be unsafe. Consider using fopen_s instead. To disable deprecation, use _CRT_SECURE_NO_WARNINGS. See online help for details.
          c:\program files\microsoft visual studio 12.0\vc\include\stdio.h(211) : voir la déclaration de 'fopen'
Link:
  C:\Program Files\Microsoft Visual Studio 12.0\VC\bin\link.exe /ERRORREPORT:PROMPT /OUT:"E:\Bureau\Projet_ProgS\ProgS\Debug\Projet_ProgS.exe" /INCREMENTAL /NOLOGO kernel32.lib user32.lib gdi32.lib winspool.lib comdlg32.lib advapi32.lib shell32.lib ole32.lib oleaut32.lib uuid.lib odbc32.lib odbccp32.lib /MANIFEST /MANIFESTUAC:"level='asInvoker' uiAccess='false'" /manifest:embed /DEBUG /PDB:"E:\Bureau\Projet_ProgS\ProgS\Debug\Projet_ProgS.pdb" /SUBSYSTEM:CONSOLE /TLBID:1 /DYNAMICBASE /NXCOMPAT /IMPLIB:"E:\Bureau\Projet_ProgS\ProgS\Debug\Projet_ProgS.lib" /MACHINE:X86 Debug\Projet_ProgS.obj
  Projet_ProgS.vcxproj -> E:\Bureau\Projet_ProgS\ProgS\Debug\Projet_ProgS.exe
Génération du projet "E:\Bureau\Projet_ProgS\ProgS\Projet_ProgS.vcxproj" terminée (Build cible(s)).

La génération a réussi.

Temps écoulé 00:00:02.17
